mysqldump --single-transaction --quick --lock-tables=false -u _549ad410e5019a30 -p4gaipS8t71rpN6a9 _549ad410e5019a30 -h 127.0.0.1 -P 3306   | /usr/bin/gzip >> ./library.test/private/backups/20211012_120002-library_test-database.sql.gz

Backup Summary for library.test at 2021-10-12 12:00:03.008038
Config  : ./library.test/private/backups/20211012_120002-library_test-site_config_backup.json 94.0B
Database: ./library.test/private/backups/20211012_120002-library_test-database.sql.gz         262.4KiB
Backup for Site library.test has been successfully completed
mysqldump --single-transaction --quick --lock-tables=false -u _549ad410e5019a30 -p4gaipS8t71rpN6a9 _549ad410e5019a30 -h 127.0.0.1 -P 3306   | /usr/bin/gzip >> ./library.test/private/backups/20211012_180001-library_test-database.sql.gz

Backup Summary for library.test at 2021-10-12 18:00:02.549541
Config  : ./library.test/private/backups/20211012_180001-library_test-site_config_backup.json 94.0B
Database: ./library.test/private/backups/20211012_180001-library_test-database.sql.gz         282.4KiB
Backup for Site library.test has been successfully completed
mysqldump --single-transaction --quick --lock-tables=false -u _28a870efd8c1f161 -pB5fs6RkQ7CwyMxpY _28a870efd8c1f161 -h 127.0.0.1 -P 3306   | /usr/bin/gzip >> ./demo.test/private/backups/20211013_120002-demo_test-database.sql.gz

Backup Summary for demo.test at 2021-10-13 12:00:03.085086
Config  : ./demo.test/private/backups/20211013_120002-demo_test-site_config_backup.json 94.0B
Database: ./demo.test/private/backups/20211013_120002-demo_test-database.sql.gz         244.5KiB
Backup for Site demo.test has been successfully completed
File ./library.test/private/backups/20211012_180001-library_test-site_config_backup.json is recent
File ./library.test/private/backups/20211012_180001-library_test-database.sql.gz is recent
File ./library.test/private/backups/20211012_120002-library_test-database.sql.gz is older than 24 hours
File ./library.test/private/backups/20211011_200609-library_test-site_config_backup.json is older than 24 hours
File ./library.test/private/backups/20211012_120002-library_test-site_config_backup.json is older than 24 hours
File ./library.test/private/backups/20211011_200609-library_test-database.sql.gz is older than 24 hours
mysqldump --single-transaction --quick --lock-tables=false -u _549ad410e5019a30 -p4gaipS8t71rpN6a9 _549ad410e5019a30 -h 127.0.0.1 -P 3306   | /usr/bin/gzip >> ./library.test/private/backups/20211013_120003-library_test-database.sql.gz

Backup Summary for library.test at 2021-10-13 12:00:04.382764
Config  : ./library.test/private/backups/20211013_120003-library_test-site_config_backup.json 94.0B
Database: ./library.test/private/backups/20211013_120003-library_test-database.sql.gz         286.9KiB
Backup for Site library.test has been successfully completed
mysqldump --single-transaction --quick --lock-tables=false -u _28a870efd8c1f161 -pB5fs6RkQ7CwyMxpY _28a870efd8c1f161 -h 127.0.0.1 -P 3306   | /usr/bin/gzip >> ./demo.test/private/backups/20211013_180002-demo_test-database.sql.gz

Backup Summary for demo.test at 2021-10-13 18:00:02.641842
Config  : ./demo.test/private/backups/20211013_180002-demo_test-site_config_backup.json 161.0B
Database: ./demo.test/private/backups/20211013_180002-demo_test-database.sql.gz         284.1KiB
Backup for Site demo.test has been successfully completed
File ./library.test/private/backups/20211012_180001-library_test-site_config_backup.json is older than 24 hours
File ./library.test/private/backups/20211013_120003-library_test-database.sql.gz is recent
File ./library.test/private/backups/20211012_180001-library_test-database.sql.gz is older than 24 hours
File ./library.test/private/backups/20211013_120003-library_test-site_config_backup.json is recent
mysqldump --single-transaction --quick --lock-tables=false -u _549ad410e5019a30 -p4gaipS8t71rpN6a9 _549ad410e5019a30 -h 127.0.0.1 -P 3306   | /usr/bin/gzip >> ./library.test/private/backups/20211013_180002-library_test-database.sql.gz

Backup Summary for library.test at 2021-10-13 18:00:03.132951
Config  : ./library.test/private/backups/20211013_180002-library_test-site_config_backup.json 94.0B
Database: ./library.test/private/backups/20211013_180002-library_test-database.sql.gz         295.7KiB
Backup for Site library.test has been successfully completed
mysqldump --single-transaction --quick --lock-tables=false -u _28a870efd8c1f161 -pB5fs6RkQ7CwyMxpY _28a870efd8c1f161 -h 127.0.0.1 -P 3306   | /usr/bin/gzip >> ./demo.test/private/backups/20211014_120002-demo_test-database.sql.gz

Backup Summary for demo.test at 2021-10-14 12:00:02.616980
Config  : ./demo.test/private/backups/20211014_120002-demo_test-site_config_backup.json 161.0B
Database: ./demo.test/private/backups/20211014_120002-demo_test-database.sql.gz         293.5KiB
Backup for Site demo.test has been successfully completed
File ./library.test/private/backups/20211013_120003-library_test-database.sql.gz is recent
File ./library.test/private/backups/20211013_180002-library_test-database.sql.gz is recent
File ./library.test/private/backups/20211013_120003-library_test-site_config_backup.json is recent
File ./library.test/private/backups/20211013_180002-library_test-site_config_backup.json is recent
mysqldump --single-transaction --quick --lock-tables=false -u _549ad410e5019a30 -p4gaipS8t71rpN6a9 _549ad410e5019a30 -h 127.0.0.1 -P 3306   | /usr/bin/gzip >> ./library.test/private/backups/20211014_120002-library_test-database.sql.gz

Backup Summary for library.test at 2021-10-14 12:00:03.117886
Config  : ./library.test/private/backups/20211014_120002-library_test-site_config_backup.json 94.0B
Database: ./library.test/private/backups/20211014_120002-library_test-database.sql.gz         301.8KiB
Backup for Site library.test has been successfully completed
mysqldump --single-transaction --quick --lock-tables=false -u _28a870efd8c1f161 -pB5fs6RkQ7CwyMxpY _28a870efd8c1f161 -h 127.0.0.1 -P 3306   | /usr/bin/gzip >> ./demo.test/private/backups/20211014_180001-demo_test-database.sql.gz

Backup Summary for demo.test at 2021-10-14 18:00:02.079621
Config  : ./demo.test/private/backups/20211014_180001-demo_test-site_config_backup.json 161.0B
Database: ./demo.test/private/backups/20211014_180001-demo_test-database.sql.gz         301.2KiB
Backup for Site demo.test has been successfully completed
File ./library.test/private/backups/20211013_120003-library_test-database.sql.gz is older than 24 hours
File ./library.test/private/backups/20211014_120002-library_test-database.sql.gz is recent
File ./library.test/private/backups/20211014_120002-library_test-site_config_backup.json is recent
File ./library.test/private/backups/20211013_180002-library_test-database.sql.gz is recent
File ./library.test/private/backups/20211013_120003-library_test-site_config_backup.json is older than 24 hours
File ./library.test/private/backups/20211013_180002-library_test-site_config_backup.json is recent
mysqldump --single-transaction --quick --lock-tables=false -u _549ad410e5019a30 -p4gaipS8t71rpN6a9 _549ad410e5019a30 -h 127.0.0.1 -P 3306   | /usr/bin/gzip >> ./library.test/private/backups/20211014_180002-library_test-database.sql.gz

Backup Summary for library.test at 2021-10-14 18:00:02.572850
Config  : ./library.test/private/backups/20211014_180002-library_test-site_config_backup.json 94.0B
Database: ./library.test/private/backups/20211014_180002-library_test-database.sql.gz         308.6KiB
Backup for Site library.test has been successfully completed
