2021-10-15 14:26:38,293 DEBUG scheduler Queued events for site demo.test
2021-10-15 14:27:38,645 DEBUG scheduler Queued events for site demo.test
2021-10-15 14:28:39,061 DEBUG scheduler Queued events for site demo.test
2021-10-15 14:28:39,081 INFO scheduler Scheduled Job Start: frappe.monitor.flush for demo.test
2021-10-15 14:28:39,355 INFO scheduler Scheduled Job Complete: frappe.monitor.flush for demo.test
2021-10-15 14:28:39,432 INFO scheduler Scheduled Job Start: frappe.utils.global_search.sync_global_search for demo.test
2021-10-15 14:28:39,644 INFO scheduler Scheduled Job Complete: frappe.utils.global_search.sync_global_search for demo.test
2021-10-15 14:28:39,728 INFO scheduler Scheduled Job Start: frappe.integrations.doctype.razorpay_settings.razorpay_settings.capture_payment for demo.test
2021-10-15 14:28:40,034 INFO scheduler Scheduled Job Complete: frappe.integrations.doctype.razorpay_settings.razorpay_settings.capture_payment for demo.test
2021-10-15 14:28:40,128 INFO scheduler Scheduled Job Start: frappe.email.doctype.email_account.email_account.notify_unreplied for demo.test
2021-10-15 14:28:40,384 INFO scheduler Scheduled Job Complete: frappe.email.doctype.email_account.email_account.notify_unreplied for demo.test
2021-10-15 14:28:40,462 INFO scheduler Scheduled Job Start: frappe.email.doctype.email_account.email_account.pull for demo.test
2021-10-15 14:28:40,727 INFO scheduler Scheduled Job Complete: frappe.email.doctype.email_account.email_account.pull for demo.test
2021-10-15 14:28:40,809 INFO scheduler Scheduled Job Start: frappe.email.queue.flush for demo.test
2021-10-15 14:28:41,042 INFO scheduler Scheduled Job Complete: frappe.email.queue.flush for demo.test
2021-10-15 14:28:41,122 INFO scheduler Scheduled Job Start: frappe.monitor.flush for library.test
2021-10-15 14:28:41,377 INFO scheduler Scheduled Job Complete: frappe.monitor.flush for library.test
2021-10-15 14:28:41,458 INFO scheduler Scheduled Job Start: frappe.utils.global_search.sync_global_search for library.test
2021-10-15 14:28:41,644 INFO scheduler Scheduled Job Complete: frappe.utils.global_search.sync_global_search for library.test
2021-10-15 14:28:41,727 INFO scheduler Scheduled Job Start: frappe.integrations.doctype.razorpay_settings.razorpay_settings.capture_payment for library.test
2021-10-15 14:28:42,048 INFO scheduler Scheduled Job Complete: frappe.integrations.doctype.razorpay_settings.razorpay_settings.capture_payment for library.test
2021-10-15 14:28:42,125 INFO scheduler Scheduled Job Start: frappe.email.doctype.email_account.email_account.notify_unreplied for library.test
2021-10-15 14:28:42,390 INFO scheduler Scheduled Job Complete: frappe.email.doctype.email_account.email_account.notify_unreplied for library.test
2021-10-15 14:28:42,471 INFO scheduler Scheduled Job Start: frappe.email.doctype.email_account.email_account.pull for library.test
2021-10-15 14:28:42,736 INFO scheduler Scheduled Job Complete: frappe.email.doctype.email_account.email_account.pull for library.test
2021-10-15 14:28:42,814 INFO scheduler Scheduled Job Start: frappe.email.queue.flush for library.test
2021-10-15 14:28:43,080 INFO scheduler Scheduled Job Complete: frappe.email.queue.flush for library.test
2021-10-15 14:29:39,531 DEBUG scheduler Queued events for site demo.test
